0 verbose cli C:\Program Files\nodejs\node.exe C:\Users\M Z Coputer HYD\AppData\Roaming\npm\node_modules\npm\bin\npm-cli.js
1 info using npm@10.9.2
2 info using node@v20.11.1
3 silly config load:file:C:\Users\M Z Coputer HYD\AppData\Roaming\npm\node_modules\npm\npmrc
4 silly config load:file:C:\Users\M Z Coputer HYD\Documents\my website\eccomerce\.npmrc
5 silly config load:file:C:\Users\M Z Coputer HYD\.npmrc
6 silly config load:file:C:\Users\M Z Coputer HYD\AppData\Roaming\npm\etc\npmrc
7 verbose title npm list next react react-dom
8 verbose argv "list" "next" "react" "react-dom"
9 verbose logfile logs-max:10 dir:C:\Users\M Z Coputer HYD\Documents\my website\eccomerce\UsersYourUsernameAppDataRoamingnpm-cache\_logs\2024-12-13T11_27_51_958Z-
10 verbose logfile C:\Users\M Z Coputer HYD\Documents\my website\eccomerce\UsersYourUsernameAppDataRoamingnpm-cache\_logs\2024-12-13T11_27_51_958Z-debug-0.log
11 silly logfile start cleaning logs, removing 2 files
12 silly packumentCache heap:2197815296 maxSize:549453824 maxEntrySize:274726912
13 silly logfile done cleaning log files
14 verbose cwd C:\Users\M Z Coputer HYD\Documents\my website\eccomerce
15 verbose os Windows_NT 10.0.19041
16 verbose node v20.11.1
17 verbose npm  v10.9.2
18 verbose exit 0
19 info ok
